https://www.radioradicale.it/scheda/112797/i-fondi-pensione-in-italia-illusione-o-realta-org-dallassociazione-borsisti-marco?i=1835579  ValueError: No timestamps
https://www.radioradicale.it/scheda/109051/il-futuro-delle-relazioni-internazionali-convegno-internazionale-organizzato-dalla?i=1875404  ValueError: No timestamps
https://www.radioradicale.it/scheda/103752/lunificazione-del-ministero-del-tesoro-e-del-bilancio-il-nuovo-assetto-organizzativo-e?i=1934101  UnboundLocalError: cannot access local variable 'last_commit' where it is not associated with a value
https://www.radioradicale.it/scheda/102432/le-nuove-regole-di-corporate-governance-incontro-curato-da-franco-debenedetti-e?i=1954723  UnboundLocalError: cannot access local variable 'last_commit' where it is not associated with a value
https://www.radioradicale.it/scheda/95906/gli-effetti-di-lungo-termine-dellunione-monetaria-europea-sulleconomia-italiana?i=2053693  UnboundLocalError: cannot access local variable 'last_commit' where it is not associated with a value
https://www.radioradicale.it/scheda/87487/occupazione-crescita-e-tassi-di-interesse-in-un-contesto-di-globalizzazione-dei-mercati?i=2151406  UnboundLocalError: cannot access local variable 'last_commit' where it is not associated with a value
https://www.radioradicale.it/scheda/94701/verso-la-moneta-unica-europea-org-in-occasione-della-pubblicazione-del-secondo-rapporto?i=2067362  ValueError: No timestamps
https://www.radioradicale.it/scheda/329983/dichiarazioni-di-mario-draghi-al-termine-del-suo-intervento-al-parlamento-europeo?i=515929  ValueError: No timestamps
https://www.radioradicale.it/scheda/241861/cerimonia-di-inaugurazione-del-nuovo-anno-accademico-delluniversita-luiss-guido-carli?i=1085321  RuntimeError: yt-dlp exited 1
https://www.radioradicale.it/scheda/788549/giorgia-meloni-al-vertice-della-comunita-politica-europea-di-yerevan-panel-su?i=5049844  UnboundLocalError: cannot access local variable 'last_commit' where it is not associated with a value
https://www.radioradicale.it/scheda/785090/trasmissione-sul-referendum-giustizia?i=5032614  FileNotFoundError: [Errno 2] No such file or directory: '/home/mhetac/Documents/GitHub/crossdem/datasets/meloni/audio_out/_out_785090_meloni.mp3' -> '/home/mhetac/Documents/GitHub/crossdem/datasets/meloni/audio_out/785090_meloni.mp3'
https://www.radioradicale.it/scheda/591147/festival-del-lavoro-anteprima-2020?i=4131321  UnboundLocalError: cannot access local variable 'last_commit' where it is not associated with a value
https://www.radioradicale.it/scheda/560796/confronto-tra-giancarlo-giorgetti-e-giorgia-meloni?i=3933912  FileNotFoundError: [Errno 2] No such file or directory: '/home/mhetac/Documents/GitHub/crossdem/datasets/meloni/audio_out/_out_560796_meloni.mp3' -> '/home/mhetac/Documents/GitHub/crossdem/datasets/meloni/audio_out/560796_meloni.mp3'
https://www.radioradicale.it/scheda/544427/presentazione-del-libro-i-padroni-del-caos-di-renato-cristin-liberilibri?i=3855840  UnboundLocalError: cannot access local variable 'last_commit' where it is not associated with a value
https://www.radioradicale.it/scheda/520587/atreju-2017-difendere-i-confini-dellidentita-e-londata-migratoria?i=3756748  ValueError: No timestamps
https://www.radioradicale.it/scheda/520585/atreju-2017-rigenerare-unalleanza-di-patrioti-per-il-governo-dellitalia?i=3779128  UnboundLocalError: cannot access local variable 'last_commit' where it is not associated with a value
https://www.radioradicale.it/scheda/514739/festival-de-la-versiliana-a-tu-per-tu-con-giorgia-meloni?i=3736907  FileNotFoundError: [Errno 2] No such file or directory: '/home/mhetac/Documents/GitHub/crossdem/datasets/meloni/audio_out/_out_514739_meloni.mp3' -> '/home/mhetac/Documents/GitHub/crossdem/datasets/meloni/audio_out/514739_meloni.mp3'
https://www.radioradicale.it/scheda/454118/modelli-di-centrodestra-a-confronto-alla-ricerca-di-un-terreno-comune-forza-italia?i=3698778  UnboundLocalError: cannot access local variable 'last_commit' where it is not associated with a value
https://www.radioradicale.it/scheda/446365/crisi-e-lavoro-le-nuove-frontiere-del-welfare?i=3431720  UnboundLocalError: cannot access local variable 'last_commit' where it is not associated with a value
https://www.radioradicale.it/scheda/444434/non-chiamatelo-euro-germania-italia-e-la-vera-storia-di-una-moneta-illegittima?i=3424010  UnboundLocalError: cannot access local variable 'last_commit' where it is not associated with a value
https://www.radioradicale.it/scheda/430270/rifondare-il-centrodestra?i=2916644  UnboundLocalError: cannot access local variable 'last_commit' where it is not associated with a value
https://www.radioradicale.it/scheda/425374/settima-edizione-del-forum-evoluzioni?i=3735487  UnboundLocalError: cannot access local variable 'last_commit' where it is not associated with a value
https://www.radioradicale.it/scheda/424125/il-quarto-reich-come-la-germania-ha-sottomesso-leuropa?i=2889482  UnboundLocalError: cannot access local variable 'last_commit' where it is not associated with a value
https://www.radioradicale.it/scheda/416521/amuni-rimettiamo-in-movimento-le-idee-la-sicilia-e-il-paese?i=979695  UnboundLocalError: cannot access local variable 'last_commit' where it is not associated with a value
https://www.radioradicale.it/scheda/360119/atreju-2012-senza-paura-angelino-alfano-incontra-la-giovane-italia?i=401070  FileNotFoundError: [Errno 2] No such file or directory: '/home/mhetac/Documents/GitHub/crossdem/datasets/meloni/audio_out/_out_360119_meloni.mp3' -> '/home/mhetac/Documents/GitHub/crossdem/datasets/meloni/audio_out/360119_meloni.mp3'
https://www.radioradicale.it/scheda/356309/governiadi-2012-le-primarie-e-il-futuro-della-politica-riformare-i-partiti-per?i=412984  UnboundLocalError: cannot access local variable 'last_commit' where it is not associated with a value
https://www.radioradicale.it/scheda/355338/muovititalia-la-ribellione-delle-elite-il-tradimento-della-democrazia-nel-rapporto-tra?i=417004  UnboundLocalError: cannot access local variable 'last_commit' where it is not associated with a value
https://www.radioradicale.it/scheda/345322/noi-crediamo-viaggio-nella-meglio-gioventu-ditalia-presentazione-del-libro-di-giorgia?i=467678  UnboundLocalError: cannot access local variable 'last_commit' where it is not associated with a value
https://www.radioradicale.it/scheda/335005/atreju-2011-il-presidente-del-senato-renato-schifani-a-confronto-con-la-giovane-italia?i=500755  FileNotFoundError: [Errno 2] No such file or directory: '/home/mhetac/Documents/GitHub/crossdem/datasets/meloni/audio_out/_out_335005_meloni.mp3' -> '/home/mhetac/Documents/GitHub/crossdem/datasets/meloni/audio_out/335005_meloni.mp3'
https://www.radioradicale.it/scheda/335003/atreju-2011-il-presidente-del-consiglio-silvio-berlusconi-a-confronto-con-la-giovane?i=500646  ValueError: No timestamps
https://www.radioradicale.it/scheda/331612/dibattito-aperto-con-maurizio-gasparri-ignazio-la-russa-e-giorgia-meloni-interventi?i=509481  UnboundLocalError: cannot access local variable 'last_commit' where it is not associated with a value
https://www.radioradicale.it/scheda/112797/i-fondi-pensione-in-italia-illusione-o-realta-org-dallassociazione-borsisti-marco?i=1835579  ValueError: No timestamps
https://www.radioradicale.it/scheda/109051/il-futuro-delle-relazioni-internazionali-convegno-internazionale-organizzato-dalla?i=1875404  ValueError: No timestamps
https://www.radioradicale.it/scheda/94701/verso-la-moneta-unica-europea-org-in-occasione-della-pubblicazione-del-secondo-rapporto?i=2067362  ValueError: No timestamps
https://www.radioradicale.it/scheda/329983/dichiarazioni-di-mario-draghi-al-termine-del-suo-intervento-al-parlamento-europeo?i=515929  ValueError: No timestamps
https://www.radioradicale.it/scheda/241861/cerimonia-di-inaugurazione-del-nuovo-anno-accademico-delluniversita-luiss-guido-carli?i=1085321  RuntimeError: yt-dlp exited 1
https://www.radioradicale.it/scheda/520587/atreju-2017-difendere-i-confini-dellidentita-e-londata-migratoria?i=3756748  ValueError: No timestamps
https://www.radioradicale.it/scheda/335003/atreju-2011-il-presidente-del-consiglio-silvio-berlusconi-a-confronto-con-la-giovane?i=500646  ValueError: No timestamps
https://www.radioradicale.it/scheda/112797/i-fondi-pensione-in-italia-illusione-o-realta-org-dallassociazione-borsisti-marco?i=1835579  ValueError: No timestamps
https://www.radioradicale.it/scheda/109051/il-futuro-delle-relazioni-internazionali-convegno-internazionale-organizzato-dalla?i=1875404  ValueError: No timestamps
https://www.radioradicale.it/scheda/94701/verso-la-moneta-unica-europea-org-in-occasione-della-pubblicazione-del-secondo-rapporto?i=2067362  ValueError: No timestamps
https://www.radioradicale.it/scheda/329983/dichiarazioni-di-mario-draghi-al-termine-del-suo-intervento-al-parlamento-europeo?i=515929  ValueError: No timestamps
https://www.radioradicale.it/scheda/241861/cerimonia-di-inaugurazione-del-nuovo-anno-accademico-delluniversita-luiss-guido-carli?i=1085321  RuntimeError: yt-dlp exited 1
https://www.radioradicale.it/scheda/520587/atreju-2017-difendere-i-confini-dellidentita-e-londata-migratoria?i=3756748  ValueError: No timestamps
https://www.radioradicale.it/scheda/335003/atreju-2011-il-presidente-del-consiglio-silvio-berlusconi-a-confronto-con-la-giovane?i=500646  ValueError: No timestamps
https://www.radioradicale.it/scheda/112797/i-fondi-pensione-in-italia-illusione-o-realta-org-dallassociazione-borsisti-marco?i=1835579  ValueError: No timestamps
https://www.radioradicale.it/scheda/109051/il-futuro-delle-relazioni-internazionali-convegno-internazionale-organizzato-dalla?i=1875404  ValueError: No timestamps
https://www.radioradicale.it/scheda/94701/verso-la-moneta-unica-europea-org-in-occasione-della-pubblicazione-del-secondo-rapporto?i=2067362  ValueError: No timestamps
https://www.radioradicale.it/scheda/329983/dichiarazioni-di-mario-draghi-al-termine-del-suo-intervento-al-parlamento-europeo?i=515929  ValueError: No timestamps
https://www.radioradicale.it/scheda/241861/cerimonia-di-inaugurazione-del-nuovo-anno-accademico-delluniversita-luiss-guido-carli?i=1085321  RuntimeError: yt-dlp exited 1
https://www.radioradicale.it/scheda/520587/atreju-2017-difendere-i-confini-dellidentita-e-londata-migratoria?i=3756748  ValueError: No timestamps
https://www.radioradicale.it/scheda/335003/atreju-2011-il-presidente-del-consiglio-silvio-berlusconi-a-confronto-con-la-giovane?i=500646  ValueError: No timestamps
https://www.radioradicale.it/scheda/287689/festa-nazionale-della-liberta-il-governo-berlusconi-mantiene-gli-impegni-incontro-con?i=662976  FileNotFoundError: [Errno 2] No such file or directory: '/home/mhetac/Documents/GitHub/crossdem/datasets/meloni/audio_out/_out_287689_meloni.mp3' -> '/home/mhetac/Documents/GitHub/crossdem/datasets/meloni/audio_out/287689_meloni.mp3'
https://www.radioradicale.it/scheda/246074/cambio-di-stagione-1968-2008-quarantanni-dopo?i=1066814  FileNotFoundError: [Errno 2] No such file or directory: '/home/mhetac/Documents/GitHub/crossdem/datasets/meloni/audio_out/_out_246074_meloni.mp3' -> '/home/mhetac/Documents/GitHub/crossdem/datasets/meloni/audio_out/246074_meloni.mp3'
https://www.radioradicale.it/scheda/242178/assemblea-nazionale-di-alleanza-nazionale?i=1083259  FileNotFoundError: [Errno 2] No such file or directory: '/home/mhetac/Documents/GitHub/crossdem/datasets/meloni/audio_out/_out_242178_meloni.mp3' -> '/home/mhetac/Documents/GitHub/crossdem/datasets/meloni/audio_out/242178_meloni.mp3'
https://www.radioradicale.it/scheda/207064/confronto-tra-il-presidente-della-camera-dei-deputati-fausto-bertinotti-e-il?i=1262532  ValueError: No timestamps
https://www.radioradicale.it/scheda/244214/quale-destra?i=1074907  FileNotFoundError: [Errno 2] No such file or directory: '/home/mhetac/Documents/GitHub/crossdem/datasets/meloni/audio_out/_out_244214_meloni.mp3' -> '/home/mhetac/Documents/GitHub/crossdem/datasets/meloni/audio_out/244214_meloni.mp3'
https://www.radioradicale.it/scheda/162947/assemblea-nazionale-di-alleanza-nazionale?i=1329791  FileNotFoundError: [Errno 2] No such file or directory: '/home/mhetac/Documents/GitHub/crossdem/datasets/meloni/audio_out/_out_162947_meloni.mp3' -> '/home/mhetac/Documents/GitHub/crossdem/datasets/meloni/audio_out/162947_meloni.mp3'
https://www.radioradicale.it/scheda/147445/piu-donne-nelle-istituzioni-la-proposta-di-alleanza-nazionale-organizzato-da-alleanza?i=1481439  ValueError: No timestamps
https://www.radioradicale.it/scheda/278795/democrazialinguisticait?i=2859761  FileNotFoundError: [Errno 2] No such file or directory: '/home/mhetac/Documents/GitHub/crossdem/datasets/meloni/audio_out/_out_278795_meloni.mp3' -> '/home/mhetac/Documents/GitHub/crossdem/datasets/meloni/audio_out/278795_meloni.mp3'
https://www.radioradicale.it/scheda/218469/emma-bonino-ospite-a-domenica-in-trasmissione-di-rai-1?i=1205183  FileNotFoundError: [Errno 2] No such file or directory: '/home/mhetac/Documents/GitHub/crossdem/datasets/meloni/audio_out/_out_218469_meloni.mp3' -> '/home/mhetac/Documents/GitHub/crossdem/datasets/meloni/audio_out/218469_meloni.mp3'
https://www.radioradicale.it/scheda/271662/rai-utile?i=991339  FileNotFoundError: [Errno 2] No such file or directory: '/home/mhetac/Documents/GitHub/crossdem/datasets/meloni/audio_out/_out_271662_meloni.mp3' -> '/home/mhetac/Documents/GitHub/crossdem/datasets/meloni/audio_out/271662_meloni.mp3'
https://www.radioradicale.it/scheda/598226/il-caso-della-nave-gregoretti-dichiarazioni-di-giorgia-meloni-dopo-lintervento-di?i=4095452  ValueError: No timestamps
https://www.radioradicale.it/scheda/536904/lelezione-dei-presidenti-della-camera-dei-deputati-e-del-senato-della-repubblica?i=3824344  ValueError: No timestamps
https://www.radioradicale.it/scheda/513164/intervista-a-giorgia-meloni-sui-risultati-delle-amministrative-e-sulle-dichiarazioni?i=3729539  ValueError: No timestamps
https://www.radioradicale.it/scheda/112797/i-fondi-pensione-in-italia-illusione-o-realta-org-dallassociazione-borsisti-marco?i=1835579  ValueError: No timestamps
https://www.radioradicale.it/scheda/109051/il-futuro-delle-relazioni-internazionali-convegno-internazionale-organizzato-dalla?i=1875404  ValueError: No timestamps
https://www.radioradicale.it/scheda/94701/verso-la-moneta-unica-europea-org-in-occasione-della-pubblicazione-del-secondo-rapporto?i=2067362  ValueError: No timestamps
https://www.radioradicale.it/scheda/329983/dichiarazioni-di-mario-draghi-al-termine-del-suo-intervento-al-parlamento-europeo?i=515929  ValueError: No timestamps
https://www.radioradicale.it/scheda/241861/cerimonia-di-inaugurazione-del-nuovo-anno-accademico-delluniversita-luiss-guido-carli?i=1085321  RuntimeError: yt-dlp exited 1
https://www.radioradicale.it/scheda/112797/i-fondi-pensione-in-italia-illusione-o-realta-org-dallassociazione-borsisti-marco?i=1835579  ValueError: No timestamps
https://www.radioradicale.it/scheda/109051/il-futuro-delle-relazioni-internazionali-convegno-internazionale-organizzato-dalla?i=1875404  ValueError: No timestamps
https://www.radioradicale.it/scheda/94701/verso-la-moneta-unica-europea-org-in-occasione-della-pubblicazione-del-secondo-rapporto?i=2067362  ValueError: No timestamps
https://www.radioradicale.it/scheda/329983/dichiarazioni-di-mario-draghi-al-termine-del-suo-intervento-al-parlamento-europeo?i=515929  ValueError: No timestamps
https://www.radioradicale.it/scheda/241861/cerimonia-di-inaugurazione-del-nuovo-anno-accademico-delluniversita-luiss-guido-carli?i=1085321  RuntimeError: yt-dlp exited 1
https://www.radioradicale.it/scheda/520587/atreju-2017-difendere-i-confini-dellidentita-e-londata-migratoria?i=3756748  ValueError: No timestamps
https://www.radioradicale.it/scheda/335003/atreju-2011-il-presidente-del-consiglio-silvio-berlusconi-a-confronto-con-la-giovane?i=500646  ValueError: No timestamps
https://www.radioradicale.it/scheda/207064/confronto-tra-il-presidente-della-camera-dei-deputati-fausto-bertinotti-e-il?i=1262532  ValueError: No timestamps
https://www.radioradicale.it/scheda/147445/piu-donne-nelle-istituzioni-la-proposta-di-alleanza-nazionale-organizzato-da-alleanza?i=1481439  ValueError: No timestamps
https://www.radioradicale.it/scheda/598226/il-caso-della-nave-gregoretti-dichiarazioni-di-giorgia-meloni-dopo-lintervento-di?i=4095452  ValueError: No timestamps
https://www.radioradicale.it/scheda/536904/lelezione-dei-presidenti-della-camera-dei-deputati-e-del-senato-della-repubblica?i=3824344  ValueError: No timestamps
https://www.radioradicale.it/scheda/513164/intervista-a-giorgia-meloni-sui-risultati-delle-amministrative-e-sulle-dichiarazioni?i=3729539  ValueError: No timestamps
https://www.radioradicale.it/scheda/590932/conferenza-stampa-di-fratelli-ditalia-di-presentazione-degli-emendamenti-alla-legge-di?i=4125440  ValueError: No timestamps
https://www.radioradicale.it/scheda/555377/conferenza-stampa-di-fratelli-ditalia-di-presentazione-degli-emendamenti-al-decreto?i=4000247  ValueError: No timestamps
https://www.radioradicale.it/scheda/275371/congresso-nazionale-di-alleanza-nazionale-nasce-il-partito-degli-italiani-prima?i=701566  FileNotFoundError: [Errno 2] No such file or directory: '/home/mhetac/Documents/GitHub/crossdem/datasets/meloni/audio_out/_out_275371_meloni.mp3' -> '/home/mhetac/Documents/GitHub/crossdem/datasets/meloni/audio_out/275371_meloni.mp3'
https://www.radioradicale.it/scheda/785090/trasmissione-sul-referendum-giustizia?i=5032614  FileNotFoundError: [Errno 2] No such file or directory: '/home/mhetac/Documents/GitHub/crossdem/datasets/conte/audio_out/_out_785090_conte.mp3' -> '/home/mhetac/Documents/GitHub/crossdem/datasets/conte/audio_out/785090_conte.mp3'
https://www.radioradicale.it/scheda/616922/assemblea-di-confindustria-2020-il-coraggio-del-futuro?i=4178452  FileNotFoundError: [Errno 2] No such file or directory: '/home/mhetac/Documents/GitHub/crossdem/datasets/conte/audio_out/_out_616922_conte.mp3' -> '/home/mhetac/Documents/GitHub/crossdem/datasets/conte/audio_out/616922_conte.mp3'
https://www.radioradicale.it/scheda/567844/vi-festival-di-limes-il-mondo-visto-dallitalia?i=3961107  FileNotFoundError: [Errno 2] No such file or directory: '/home/mhetac/Documents/GitHub/crossdem/datasets/conte/audio_out/_out_567844_conte.mp3' -> '/home/mhetac/Documents/GitHub/crossdem/datasets/conte/audio_out/567844_conte.mp3'
https://www.radioradicale.it/scheda/782769/taglio-dei-fondi-per-il-servizio-di-radio-radicale-dichiarazione-di-giuseppe-conte?i=5020345  ValueError: No timestamps
https://www.radioradicale.it/scheda/722633/intervista-a-giuseppe-conte-sulla-posizione-del-m5s-sulle-missioni-internazionali?i=4725935  ValueError: No timestamps
https://www.radioradicale.it/scheda/562042/legge-di-bilancio-dichiarazioni-del-presidente-del-consiglio-giuseppe-conte-dopo-il?i=3934489  ValueError: No timestamps
https://www.radioradicale.it/scheda/542640/dichiarazioni-del-presidente-incaricato-giuseppe-conte-sul-suo-incontro-col?i=3844488  ValueError: No timestamps
https://www.radioradicale.it/scheda/585129/atreju-2019-il-tempo-delle-scelte-giuseppe-conte-a-colloquio-con-bruno-vespa?i=4033483  FileNotFoundError: [Errno 2] No such file or directory: '/home/mhetac/Documents/GitHub/crossdem/datasets/conte/audio_out/_out_585129_conte.mp3' -> '/home/mhetac/Documents/GitHub/crossdem/datasets/conte/audio_out/585129_conte.mp3'
https://www.radioradicale.it/scheda/785090/trasmissione-sul-referendum-giustizia?i=5032614  FileNotFoundError: [Errno 2] No such file or directory: '/home/mhetac/Documents/GitHub/crossdem/datasets/renzi/audio_out/_out_785090_renzi.mp3' -> '/home/mhetac/Documents/GitHub/crossdem/datasets/renzi/audio_out/785090_renzi.mp3'
https://www.radioradicale.it/scheda/565810/presentazione-del-libro-di-matteo-renzi-unaltra-strada-per-litalia-idee-per-litalia-di?i=3951747  ValueError: No timestamps
https://www.radioradicale.it/scheda/516750/capalbio-libri-2017-presentazione-del-libro-avanti-perche-litalia-non-si-ferma-di?i=3744932  ValueError: No timestamps
https://www.radioradicale.it/scheda/515299/matteo-renzi-presenta-il-suo-libro-avanti-perche-litalia-non-si-ferma-edizioni?i=3739404  FileNotFoundError: [Errno 2] No such file or directory: '/home/mhetac/Documents/GitHub/crossdem/datasets/renzi/audio_out/_out_515299_renzi.mp3' -> '/home/mhetac/Documents/GitHub/crossdem/datasets/renzi/audio_out/515299_renzi.mp3'
https://www.radioradicale.it/scheda/515116/matteo-renzi-presenta-il-suo-libro-avanti-perche-litalia-non-si-ferma-edizioni?i=3738576  ValueError: No timestamps
https://www.radioradicale.it/scheda/513041/il-vento-della-disgregazione-sugli-stati-le-sfide-di-jihadismo-e-populismo?i=3729754  FileNotFoundError: [Errno 2] No such file or directory: '/home/mhetac/Documents/GitHub/crossdem/datasets/renzi/audio_out/_out_513041_renzi.mp3' -> '/home/mhetac/Documents/GitHub/crossdem/datasets/renzi/audio_out/513041_renzi.mp3'
https://www.radioradicale.it/scheda/492446/di-riforme-si-mangia?i=3808917  FileNotFoundError: [Errno 2] No such file or directory: '/home/mhetac/Documents/GitHub/crossdem/datasets/renzi/audio_out/_out_492446_renzi.mp3' -> '/home/mhetac/Documents/GitHub/crossdem/datasets/renzi/audio_out/492446_renzi.mp3'
https://www.radioradicale.it/scheda/491166/e-adesso-il-futuro-leopolda-7-3a-ed-ultima-giornata?i=3630608  ValueError: No timestamps
https://www.radioradicale.it/scheda/488106/classedem-la-lezione-di-matteo-renzi-presidente-del-consiglio-dei-ministri?i=3614103  ValueError: No timestamps
https://www.radioradicale.it/scheda/483403/festival-la-versiliana-incontro-con-il-presidente-del-consiglio-matteo-renzi?i=3597007  ValueError: No timestamps
https://www.radioradicale.it/scheda/479987/direzione-nazionale-del-partito-democratico?i=3587588  ValueError: No timestamps
https://www.radioradicale.it/scheda/471202/classe-democratica-lezioni-di-andrea-orlando-e-massimo-bray-focus-sulla-comunicazione?i=3882820  ValueError: No timestamps
https://www.radioradicale.it/scheda/469366/scuola-di-formazione-politica-del-pd?i=3881227  ValueError: No timestamps
https://www.radioradicale.it/scheda/467025/assemblea-nazionale-del-partito-democratico?i=3521734  ValueError: No timestamps
https://www.radioradicale.it/scheda/465966/classe-democratica-scuola-di-formazione-politica-del-pd-seconda-giornata?i=3515930  FileNotFoundError: [Errno 2] No such file or directory: '/home/mhetac/Documents/GitHub/crossdem/datasets/renzi/audio_out/_out_465966_renzi.mp3' -> '/home/mhetac/Documents/GitHub/crossdem/datasets/renzi/audio_out/465966_renzi.mp3'
https://www.radioradicale.it/scheda/461202/leopolda-6-terra-degli-uomini-terza-e-conclusiva-giornata?i=3495839  ValueError: No timestamps
https://www.radioradicale.it/scheda/461201/leopolda-6-terra-degli-uomini-seconda-giornata?i=3495980  FileNotFoundError: [Errno 2] No such file or directory: '/home/mhetac/Documents/GitHub/crossdem/datasets/renzi/audio_out/_out_461201_renzi.mp3' -> '/home/mhetac/Documents/GitHub/crossdem/datasets/renzi/audio_out/461201_renzi.mp3'
https://www.radioradicale.it/scheda/461200/leopolda-6-terra-degli-uomini-prima-giornata?i=3496212  ValueError: No timestamps
https://www.radioradicale.it/scheda/453626/direzione-nazionale-del-partito-democratico?i=3457865  ValueError: No timestamps
https://www.radioradicale.it/scheda/448211/assemblea-nazionale-del-partito-democratico?i=3441078  ValueError: No timestamps
https://www.radioradicale.it/scheda/444706/direzione-nazionale-del-partito-democratico?i=3424653  FileNotFoundError: [Errno 2] No such file or directory: '/home/mhetac/Documents/GitHub/crossdem/datasets/renzi/audio_out/_out_444706_renzi.mp3' -> '/home/mhetac/Documents/GitHub/crossdem/datasets/renzi/audio_out/444706_renzi.mp3'
https://www.radioradicale.it/scheda/444305/il-governo-la-sinistra-il-paese?i=3422715  FileNotFoundError: [Errno 2] No such file or directory: '/home/mhetac/Documents/GitHub/crossdem/datasets/renzi/audio_out/_out_444305_renzi.mp3' -> '/home/mhetac/Documents/GitHub/crossdem/datasets/renzi/audio_out/444305_renzi.mp3'
https://www.radioradicale.it/scheda/437548/direzione-nazionale-del-partito-democratico?i=3402215  ValueError: No timestamps
https://www.radioradicale.it/scheda/434274/la-scuola-che-cambia-cambia-litalia?i=2936961  ValueError: No timestamps
https://www.radioradicale.it/scheda/431013/direzione-nazionale-del-partito-democratico?i=2920166  ValueError: No timestamps
https://www.radioradicale.it/scheda/428506/assemblea-nazionale-del-partito-democratico?i=2912597  FileNotFoundError: [Errno 2] No such file or directory: '/home/mhetac/Documents/GitHub/crossdem/datasets/renzi/audio_out/_out_428506_renzi.mp3' -> '/home/mhetac/Documents/GitHub/crossdem/datasets/renzi/audio_out/428506_renzi.mp3'
https://www.radioradicale.it/scheda/427709/direzione-nazionale-del-partito-democratico?i=2905734  FileNotFoundError: [Errno 2] No such file or directory: '/home/mhetac/Documents/GitHub/crossdem/datasets/renzi/audio_out/_out_427709_renzi.mp3' -> '/home/mhetac/Documents/GitHub/crossdem/datasets/renzi/audio_out/427709_renzi.mp3'
https://www.radioradicale.it/scheda/424589/leopolda-5-il-futuro-e-solo-linizio-terza-e-conclusiva-giornata?i=2891431  FileNotFoundError: [Errno 2] No such file or directory: '/home/mhetac/Documents/GitHub/crossdem/datasets/renzi/audio_out/_out_424589_renzi.mp3' -> '/home/mhetac/Documents/GitHub/crossdem/datasets/renzi/audio_out/424589_renzi.mp3'
https://www.radioradicale.it/scheda/424588/leopolda-5-il-futuro-e-solo-linizio-seconda-giornata?i=2894882  ValueError: No timestamps
https://www.radioradicale.it/scheda/422166/direzione-nazionale-del-partito-democratico?i=2845574  FileNotFoundError: [Errno 2] No such file or directory: '/home/mhetac/Documents/GitHub/crossdem/datasets/renzi/audio_out/_out_422166_renzi.mp3' -> '/home/mhetac/Documents/GitHub/crossdem/datasets/renzi/audio_out/422166_renzi.mp3'
https://www.radioradicale.it/scheda/112797/i-fondi-pensione-in-italia-illusione-o-realta-org-dallassociazione-borsisti-marco?i=1835579  ValueError: No timestamps
https://www.radioradicale.it/scheda/109051/il-futuro-delle-relazioni-internazionali-convegno-internazionale-organizzato-dalla?i=1875404  ValueError: No timestamps
https://www.radioradicale.it/scheda/94701/verso-la-moneta-unica-europea-org-in-occasione-della-pubblicazione-del-secondo-rapporto?i=2067362  ValueError: No timestamps
https://www.radioradicale.it/scheda/329983/dichiarazioni-di-mario-draghi-al-termine-del-suo-intervento-al-parlamento-europeo?i=515929  ValueError: No timestamps
https://www.radioradicale.it/scheda/241861/cerimonia-di-inaugurazione-del-nuovo-anno-accademico-delluniversita-luiss-guido-carli?i=1085321  RuntimeError: yt-dlp exited 1
https://www.radioradicale.it/scheda/520587/atreju-2017-difendere-i-confini-dellidentita-e-londata-migratoria?i=3756748  ValueError: No timestamps
https://www.radioradicale.it/scheda/335003/atreju-2011-il-presidente-del-consiglio-silvio-berlusconi-a-confronto-con-la-giovane?i=500646  ValueError: No timestamps
https://www.radioradicale.it/scheda/207064/confronto-tra-il-presidente-della-camera-dei-deputati-fausto-bertinotti-e-il?i=1262532  ValueError: No timestamps
https://www.radioradicale.it/scheda/147445/piu-donne-nelle-istituzioni-la-proposta-di-alleanza-nazionale-organizzato-da-alleanza?i=1481439  ValueError: No timestamps
https://www.radioradicale.it/scheda/598226/il-caso-della-nave-gregoretti-dichiarazioni-di-giorgia-meloni-dopo-lintervento-di?i=4095452  ValueError: No timestamps
https://www.radioradicale.it/scheda/536904/lelezione-dei-presidenti-della-camera-dei-deputati-e-del-senato-della-repubblica?i=3824344  ValueError: No timestamps
https://www.radioradicale.it/scheda/513164/intervista-a-giorgia-meloni-sui-risultati-delle-amministrative-e-sulle-dichiarazioni?i=3729539  ValueError: No timestamps
https://www.radioradicale.it/scheda/590932/conferenza-stampa-di-fratelli-ditalia-di-presentazione-degli-emendamenti-alla-legge-di?i=4125440  ValueError: No timestamps
https://www.radioradicale.it/scheda/555377/conferenza-stampa-di-fratelli-ditalia-di-presentazione-degli-emendamenti-al-decreto?i=4000247  ValueError: No timestamps
https://www.radioradicale.it/scheda/782769/taglio-dei-fondi-per-il-servizio-di-radio-radicale-dichiarazione-di-giuseppe-conte?i=5020345  ValueError: No timestamps
https://www.radioradicale.it/scheda/722633/intervista-a-giuseppe-conte-sulla-posizione-del-m5s-sulle-missioni-internazionali?i=4725935  ValueError: No timestamps
https://www.radioradicale.it/scheda/562042/legge-di-bilancio-dichiarazioni-del-presidente-del-consiglio-giuseppe-conte-dopo-il?i=3934489  ValueError: No timestamps
https://www.radioradicale.it/scheda/542640/dichiarazioni-del-presidente-incaricato-giuseppe-conte-sul-suo-incontro-col?i=3844488  ValueError: No timestamps
https://www.radioradicale.it/scheda/565810/presentazione-del-libro-di-matteo-renzi-unaltra-strada-per-litalia-idee-per-litalia-di?i=3951747  ValueError: No timestamps
https://www.radioradicale.it/scheda/516750/capalbio-libri-2017-presentazione-del-libro-avanti-perche-litalia-non-si-ferma-di?i=3744932  ValueError: No timestamps
https://www.radioradicale.it/scheda/515116/matteo-renzi-presenta-il-suo-libro-avanti-perche-litalia-non-si-ferma-edizioni?i=3738576  ValueError: No timestamps
https://www.radioradicale.it/scheda/491166/e-adesso-il-futuro-leopolda-7-3a-ed-ultima-giornata?i=3630608  ValueError: No timestamps
https://www.radioradicale.it/scheda/488106/classedem-la-lezione-di-matteo-renzi-presidente-del-consiglio-dei-ministri?i=3614103  ValueError: No timestamps
https://www.radioradicale.it/scheda/483403/festival-la-versiliana-incontro-con-il-presidente-del-consiglio-matteo-renzi?i=3597007  ValueError: No timestamps
https://www.radioradicale.it/scheda/479987/direzione-nazionale-del-partito-democratico?i=3587588  ValueError: No timestamps
https://www.radioradicale.it/scheda/471202/classe-democratica-lezioni-di-andrea-orlando-e-massimo-bray-focus-sulla-comunicazione?i=3882820  ValueError: No timestamps
https://www.radioradicale.it/scheda/469366/scuola-di-formazione-politica-del-pd?i=3881227  ValueError: No timestamps
https://www.radioradicale.it/scheda/467025/assemblea-nazionale-del-partito-democratico?i=3521734  ValueError: No timestamps
https://www.radioradicale.it/scheda/461202/leopolda-6-terra-degli-uomini-terza-e-conclusiva-giornata?i=3495839  ValueError: No timestamps
https://www.radioradicale.it/scheda/461200/leopolda-6-terra-degli-uomini-prima-giornata?i=3496212  ValueError: No timestamps
https://www.radioradicale.it/scheda/453626/direzione-nazionale-del-partito-democratico?i=3457865  ValueError: No timestamps
https://www.radioradicale.it/scheda/448211/assemblea-nazionale-del-partito-democratico?i=3441078  ValueError: No timestamps
https://www.radioradicale.it/scheda/437548/direzione-nazionale-del-partito-democratico?i=3402215  ValueError: No timestamps
https://www.radioradicale.it/scheda/434274/la-scuola-che-cambia-cambia-litalia?i=2936961  ValueError: No timestamps
https://www.radioradicale.it/scheda/431013/direzione-nazionale-del-partito-democratico?i=2920166  ValueError: No timestamps
https://www.radioradicale.it/scheda/424588/leopolda-5-il-futuro-e-solo-linizio-seconda-giornata?i=2894882  ValueError: No timestamps
https://www.radioradicale.it/scheda/359180/festa-democratica-comunale-di-pontelagoscuro-incontro-con-dario-franceschini-e-matteo?i=404073  ValueError: No timestamps
https://www.radioradicale.it/scheda/331107/innovare-il-paese-litalia-intera-le-nostre-idee-per-il-federalismo?i=511828  FileNotFoundError: [Errno 2] No such file or directory: '/home/mhetac/Documents/GitHub/crossdem/datasets/renzi/audio_out/_out_331107_renzi.mp3' -> '/home/mhetac/Documents/GitHub/crossdem/datasets/renzi/audio_out/331107_renzi.mp3'
https://www.radioradicale.it/scheda/245660/convegno-dal-titolo-perche-dobbiamo-ricordare-in-onore-di-alberto-nirenstajn-saggista?i=1068594  ValueError: No timestamps
https://www.radioradicale.it/scheda/245368/firenze-discute-conflitti-intorno-alla-laicita?i=1068628  FileNotFoundError: [Errno 2] No such file or directory: '/home/mhetac/Documents/GitHub/crossdem/datasets/renzi/audio_out/_out_245368_renzi.mp3' -> '/home/mhetac/Documents/GitHub/crossdem/datasets/renzi/audio_out/245368_renzi.mp3'
https://www.radioradicale.it/scheda/238174/le-province-una-risorsa-per-il-paese-assemblea-generale-delle-province-ditalia-prima?i=1104265  ValueError: No timestamps
https://www.radioradicale.it/scheda/236975/dibattito-dal-titolo-90-minuti-senza-supplementari-contro-lantipolitica?i=1110456  ValueError: No timestamps
https://www.radioradicale.it/scheda/228633/verso-il-partito-democratico?i=1152159  FileNotFoundError: [Errno 2] No such file or directory: '/home/mhetac/Documents/GitHub/crossdem/datasets/renzi/audio_out/_out_228633_renzi.mp3' -> '/home/mhetac/Documents/GitHub/crossdem/datasets/renzi/audio_out/228633_renzi.mp3'
https://www.radioradicale.it/scheda/226496/incontro-dal-titolo-in-ricordo-di-montanelli-fallaci-e-terzani?i=1164669  FileNotFoundError: [Errno 2] No such file or directory: '/home/mhetac/Documents/GitHub/crossdem/datasets/renzi/audio_out/_out_226496_renzi.mp3' -> '/home/mhetac/Documents/GitHub/crossdem/datasets/renzi/audio_out/226496_renzi.mp3'
https://www.radioradicale.it/scheda/221736/israele-siamo-noi-presentazione-del-libro-di-fiamma-nirenstein-edito-da-rizzoli?i=1186993  FileNotFoundError: [Errno 2] No such file or directory: '/home/mhetac/Documents/GitHub/crossdem/datasets/renzi/audio_out/_out_221736_renzi.mp3' -> '/home/mhetac/Documents/GitHub/crossdem/datasets/renzi/audio_out/221736_renzi.mp3'
https://www.radioradicale.it/scheda/215058/2007-lanno-che-verra-francesco-rutelli-intervistato-da-giovanni-floris?i=1221123  ValueError: No timestamps
https://www.radioradicale.it/scheda/462198/passaggio-a-sud-est-la-realta-politica-delleuropa-sud-orientale-dai-balcani-alla?i=3503348  FileNotFoundError: [Errno 2] No such file or directory: '/home/mhetac/Documents/GitHub/crossdem/datasets/renzi/audio_out/_out_462198_renzi.mp3' -> '/home/mhetac/Documents/GitHub/crossdem/datasets/renzi/audio_out/462198_renzi.mp3'
https://www.radioradicale.it/scheda/680563/elezione-del-presidente-del-senato-dichiarazioni-di-matteo-renzi?i=4492829  ValueError: No timestamps
https://www.radioradicale.it/scheda/582373/crisi-di-governo-dichiarazioni-ai-giornalisti-di-matteo-renzi-rilasciate-durante-il?i=4024147  FileNotFoundError: [Errno 2] No such file or directory: '/home/mhetac/Documents/GitHub/crossdem/datasets/renzi/audio_out/_out_582373_renzi.mp3' -> '/home/mhetac/Documents/GitHub/crossdem/datasets/renzi/audio_out/582373_renzi.mp3'
https://www.radioradicale.it/scheda/430558/attentato-a-parigi-dichiarazioni-di-matteo-renzi-e-dellambasciatore-francese-catherine?i=2915783  FileNotFoundError: [Errno 2] No such file or directory: '/home/mhetac/Documents/GitHub/crossdem/datasets/renzi/audio_out/_out_430558_renzi.mp3' -> '/home/mhetac/Documents/GitHub/crossdem/datasets/renzi/audio_out/430558_renzi.mp3'
https://www.radioradicale.it/scheda/516952/festa-de-lunita-di-livorno-matteo-renzi-presenta-avanti-perche-litalia-non-si-ferma?i=3745126  ValueError: No timestamps
https://www.radioradicale.it/scheda/516757/festa-regionale-del-partito-democratico-dellemilia-romagna-di-villalunga-matteo-renzi?i=3744725  ValueError: No timestamps
https://www.radioradicale.it/scheda/516817/festa-de-lunita-castelfiorentino-incontro-con-matteo-renzi?i=3747598  ValueError: No timestamps
https://www.radioradicale.it/scheda/477328/chiusura-della-campagna-elettorale-del-candidato-a-sindaco-di-napoli-per-il-partito?i=3568418  FileNotFoundError: [Errno 2] No such file or directory: '/home/mhetac/Documents/GitHub/crossdem/datasets/renzi/audio_out/_out_477328_renzi.mp3' -> '/home/mhetac/Documents/GitHub/crossdem/datasets/renzi/audio_out/477328_renzi.mp3'
https://www.radioradicale.it/scheda/471952/classe-democratica-scuola-di-formazione-politica-del-pd?i=3869850  ValueError: No timestamps
https://www.radioradicale.it/scheda/112797/i-fondi-pensione-in-italia-illusione-o-realta-org-dallassociazione-borsisti-marco?i=1835579  ValueError: No timestamps
https://www.radioradicale.it/scheda/109051/il-futuro-delle-relazioni-internazionali-convegno-internazionale-organizzato-dalla?i=1875404  ValueError: No timestamps
https://www.radioradicale.it/scheda/94701/verso-la-moneta-unica-europea-org-in-occasione-della-pubblicazione-del-secondo-rapporto?i=2067362  ValueError: No timestamps
https://www.radioradicale.it/scheda/329983/dichiarazioni-di-mario-draghi-al-termine-del-suo-intervento-al-parlamento-europeo?i=515929  ValueError: No timestamps
https://www.radioradicale.it/scheda/241861/cerimonia-di-inaugurazione-del-nuovo-anno-accademico-delluniversita-luiss-guido-carli?i=1085321  RuntimeError: yt-dlp exited 1
https://www.radioradicale.it/scheda/520587/atreju-2017-difendere-i-confini-dellidentita-e-londata-migratoria?i=3756748  ValueError: No timestamps
https://www.radioradicale.it/scheda/335003/atreju-2011-il-presidente-del-consiglio-silvio-berlusconi-a-confronto-con-la-giovane?i=500646  ValueError: No timestamps
https://www.radioradicale.it/scheda/207064/confronto-tra-il-presidente-della-camera-dei-deputati-fausto-bertinotti-e-il?i=1262532  ValueError: No timestamps
https://www.radioradicale.it/scheda/147445/piu-donne-nelle-istituzioni-la-proposta-di-alleanza-nazionale-organizzato-da-alleanza?i=1481439  ValueError: No timestamps
https://www.radioradicale.it/scheda/598226/il-caso-della-nave-gregoretti-dichiarazioni-di-giorgia-meloni-dopo-lintervento-di?i=4095452  ValueError: No timestamps
https://www.radioradicale.it/scheda/536904/lelezione-dei-presidenti-della-camera-dei-deputati-e-del-senato-della-repubblica?i=3824344  ValueError: No timestamps
https://www.radioradicale.it/scheda/513164/intervista-a-giorgia-meloni-sui-risultati-delle-amministrative-e-sulle-dichiarazioni?i=3729539  ValueError: No timestamps
https://www.radioradicale.it/scheda/590932/conferenza-stampa-di-fratelli-ditalia-di-presentazione-degli-emendamenti-alla-legge-di?i=4125440  ValueError: No timestamps
https://www.radioradicale.it/scheda/555377/conferenza-stampa-di-fratelli-ditalia-di-presentazione-degli-emendamenti-al-decreto?i=4000247  ValueError: No timestamps
https://www.radioradicale.it/scheda/782769/taglio-dei-fondi-per-il-servizio-di-radio-radicale-dichiarazione-di-giuseppe-conte?i=5020345  ValueError: No timestamps
https://www.radioradicale.it/scheda/722633/intervista-a-giuseppe-conte-sulla-posizione-del-m5s-sulle-missioni-internazionali?i=4725935  ValueError: No timestamps
https://www.radioradicale.it/scheda/562042/legge-di-bilancio-dichiarazioni-del-presidente-del-consiglio-giuseppe-conte-dopo-il?i=3934489  ValueError: No timestamps
https://www.radioradicale.it/scheda/542640/dichiarazioni-del-presidente-incaricato-giuseppe-conte-sul-suo-incontro-col?i=3844488  ValueError: No timestamps
https://www.radioradicale.it/scheda/565810/presentazione-del-libro-di-matteo-renzi-unaltra-strada-per-litalia-idee-per-litalia-di?i=3951747  ValueError: No timestamps
https://www.radioradicale.it/scheda/516750/capalbio-libri-2017-presentazione-del-libro-avanti-perche-litalia-non-si-ferma-di?i=3744932  ValueError: No timestamps
https://www.radioradicale.it/scheda/515116/matteo-renzi-presenta-il-suo-libro-avanti-perche-litalia-non-si-ferma-edizioni?i=3738576  ValueError: No timestamps
https://www.radioradicale.it/scheda/491166/e-adesso-il-futuro-leopolda-7-3a-ed-ultima-giornata?i=3630608  ValueError: No timestamps
https://www.radioradicale.it/scheda/488106/classedem-la-lezione-di-matteo-renzi-presidente-del-consiglio-dei-ministri?i=3614103  ValueError: No timestamps
https://www.radioradicale.it/scheda/483403/festival-la-versiliana-incontro-con-il-presidente-del-consiglio-matteo-renzi?i=3597007  ValueError: No timestamps
https://www.radioradicale.it/scheda/479987/direzione-nazionale-del-partito-democratico?i=3587588  ValueError: No timestamps
https://www.radioradicale.it/scheda/471202/classe-democratica-lezioni-di-andrea-orlando-e-massimo-bray-focus-sulla-comunicazione?i=3882820  ValueError: No timestamps
https://www.radioradicale.it/scheda/469366/scuola-di-formazione-politica-del-pd?i=3881227  ValueError: No timestamps
https://www.radioradicale.it/scheda/467025/assemblea-nazionale-del-partito-democratico?i=3521734  ValueError: No timestamps
https://www.radioradicale.it/scheda/461202/leopolda-6-terra-degli-uomini-terza-e-conclusiva-giornata?i=3495839  ValueError: No timestamps
https://www.radioradicale.it/scheda/461200/leopolda-6-terra-degli-uomini-prima-giornata?i=3496212  ValueError: No timestamps
https://www.radioradicale.it/scheda/453626/direzione-nazionale-del-partito-democratico?i=3457865  ValueError: No timestamps
https://www.radioradicale.it/scheda/448211/assemblea-nazionale-del-partito-democratico?i=3441078  ValueError: No timestamps
https://www.radioradicale.it/scheda/437548/direzione-nazionale-del-partito-democratico?i=3402215  ValueError: No timestamps
https://www.radioradicale.it/scheda/434274/la-scuola-che-cambia-cambia-litalia?i=2936961  ValueError: No timestamps
https://www.radioradicale.it/scheda/431013/direzione-nazionale-del-partito-democratico?i=2920166  ValueError: No timestamps
https://www.radioradicale.it/scheda/424588/leopolda-5-il-futuro-e-solo-linizio-seconda-giornata?i=2894882  ValueError: No timestamps
https://www.radioradicale.it/scheda/359180/festa-democratica-comunale-di-pontelagoscuro-incontro-con-dario-franceschini-e-matteo?i=404073  ValueError: No timestamps
https://www.radioradicale.it/scheda/245660/convegno-dal-titolo-perche-dobbiamo-ricordare-in-onore-di-alberto-nirenstajn-saggista?i=1068594  ValueError: No timestamps
https://www.radioradicale.it/scheda/238174/le-province-una-risorsa-per-il-paese-assemblea-generale-delle-province-ditalia-prima?i=1104265  ValueError: No timestamps
https://www.radioradicale.it/scheda/236975/dibattito-dal-titolo-90-minuti-senza-supplementari-contro-lantipolitica?i=1110456  ValueError: No timestamps
https://www.radioradicale.it/scheda/215058/2007-lanno-che-verra-francesco-rutelli-intervistato-da-giovanni-floris?i=1221123  ValueError: No timestamps
https://www.radioradicale.it/scheda/680563/elezione-del-presidente-del-senato-dichiarazioni-di-matteo-renzi?i=4492829  ValueError: No timestamps
https://www.radioradicale.it/scheda/516952/festa-de-lunita-di-livorno-matteo-renzi-presenta-avanti-perche-litalia-non-si-ferma?i=3745126  ValueError: No timestamps
https://www.radioradicale.it/scheda/516757/festa-regionale-del-partito-democratico-dellemilia-romagna-di-villalunga-matteo-renzi?i=3744725  ValueError: No timestamps
https://www.radioradicale.it/scheda/516817/festa-de-lunita-castelfiorentino-incontro-con-matteo-renzi?i=3747598  ValueError: No timestamps
https://www.radioradicale.it/scheda/471952/classe-democratica-scuola-di-formazione-politica-del-pd?i=3869850  ValueError: No timestamps
https://www.radioradicale.it/scheda/112797/i-fondi-pensione-in-italia-illusione-o-realta-org-dallassociazione-borsisti-marco?i=1835579  ValueError: No timestamps
https://www.radioradicale.it/scheda/109051/il-futuro-delle-relazioni-internazionali-convegno-internazionale-organizzato-dalla?i=1875404  ValueError: No timestamps
https://www.radioradicale.it/scheda/94701/verso-la-moneta-unica-europea-org-in-occasione-della-pubblicazione-del-secondo-rapporto?i=2067362  FileNotFoundError: [Errno 2] No such file or directory: 'yt-dlp'
https://www.radioradicale.it/scheda/329983/dichiarazioni-di-mario-draghi-al-termine-del-suo-intervento-al-parlamento-europeo?i=515929  ValueError: No timestamps
https://www.radioradicale.it/scheda/241861/cerimonia-di-inaugurazione-del-nuovo-anno-accademico-delluniversita-luiss-guido-carli?i=1085321  FileNotFoundError: [Errno 2] No such file or directory: 'yt-dlp'
https://www.radioradicale.it/scheda/112797/i-fondi-pensione-in-italia-illusione-o-realta-org-dallassociazione-borsisti-marco?i=1835579  ValueError: No timestamps
https://www.radioradicale.it/scheda/109051/il-futuro-delle-relazioni-internazionali-convegno-internazionale-organizzato-dalla?i=1875404  ValueError: No timestamps
https://www.radioradicale.it/scheda/94701/verso-la-moneta-unica-europea-org-in-occasione-della-pubblicazione-del-secondo-rapporto?i=2067362  RuntimeError: yt-dlp exited 1
https://www.radioradicale.it/scheda/329983/dichiarazioni-di-mario-draghi-al-termine-del-suo-intervento-al-parlamento-europeo?i=515929  ValueError: No timestamps
https://www.radioradicale.it/scheda/241861/cerimonia-di-inaugurazione-del-nuovo-anno-accademico-delluniversita-luiss-guido-carli?i=1085321  RuntimeError: yt-dlp exited 1
https://www.radioradicale.it/scheda/112797/i-fondi-pensione-in-italia-illusione-o-realta-org-dallassociazione-borsisti-marco?i=1835579  ValueError: No timestamps
https://www.radioradicale.it/scheda/109051/il-futuro-delle-relazioni-internazionali-convegno-internazionale-organizzato-dalla?i=1875404  ValueError: No timestamps
https://www.radioradicale.it/scheda/94701/verso-la-moneta-unica-europea-org-in-occasione-della-pubblicazione-del-secondo-rapporto?i=2067362  ValueError: No timestamps
https://www.radioradicale.it/scheda/329983/dichiarazioni-di-mario-draghi-al-termine-del-suo-intervento-al-parlamento-europeo?i=515929  ValueError: No timestamps
https://www.radioradicale.it/scheda/241861/cerimonia-di-inaugurazione-del-nuovo-anno-accademico-delluniversita-luiss-guido-carli?i=1085321  RuntimeError: yt-dlp exited 1
https://www.radioradicale.it/scheda/520587/atreju-2017-difendere-i-confini-dellidentita-e-londata-migratoria?i=3756748  ValueError: No timestamps
https://www.radioradicale.it/scheda/335003/atreju-2011-il-presidente-del-consiglio-silvio-berlusconi-a-confronto-con-la-giovane?i=500646  ValueError: No timestamps
https://www.radioradicale.it/scheda/207064/confronto-tra-il-presidente-della-camera-dei-deputati-fausto-bertinotti-e-il?i=1262532  ValueError: No timestamps
https://www.radioradicale.it/scheda/147445/piu-donne-nelle-istituzioni-la-proposta-di-alleanza-nazionale-organizzato-da-alleanza?i=1481439  ValueError: No timestamps
https://www.radioradicale.it/scheda/598226/il-caso-della-nave-gregoretti-dichiarazioni-di-giorgia-meloni-dopo-lintervento-di?i=4095452  ValueError: No timestamps
https://www.radioradicale.it/scheda/536904/lelezione-dei-presidenti-della-camera-dei-deputati-e-del-senato-della-repubblica?i=3824344  ValueError: No timestamps
https://www.radioradicale.it/scheda/513164/intervista-a-giorgia-meloni-sui-risultati-delle-amministrative-e-sulle-dichiarazioni?i=3729539  ValueError: No timestamps
https://www.radioradicale.it/scheda/590932/conferenza-stampa-di-fratelli-ditalia-di-presentazione-degli-emendamenti-alla-legge-di?i=4125440  ValueError: No timestamps
https://www.radioradicale.it/scheda/555377/conferenza-stampa-di-fratelli-ditalia-di-presentazione-degli-emendamenti-al-decreto?i=4000247  FileNotFoundError: [Errno 2] No such file or directory: '/home/mhetac/Documents/GitHub/crossdem/datasets/meloni/audio_out/_out_555377_meloni.mp3' -> '/home/mhetac/Documents/GitHub/crossdem/datasets/meloni/audio_out/555377_meloni.mp3'
https://www.radioradicale.it/scheda/112797/i-fondi-pensione-in-italia-illusione-o-realta-org-dallassociazione-borsisti-marco?i=1835579  ValueError: No timestamps
https://www.radioradicale.it/scheda/109051/il-futuro-delle-relazioni-internazionali-convegno-internazionale-organizzato-dalla?i=1875404  ValueError: No timestamps
https://www.radioradicale.it/scheda/94701/verso-la-moneta-unica-europea-org-in-occasione-della-pubblicazione-del-secondo-rapporto?i=2067362  ValueError: No timestamps
https://www.radioradicale.it/scheda/329983/dichiarazioni-di-mario-draghi-al-termine-del-suo-intervento-al-parlamento-europeo?i=515929  ValueError: No timestamps
https://www.radioradicale.it/scheda/241861/cerimonia-di-inaugurazione-del-nuovo-anno-accademico-delluniversita-luiss-guido-carli?i=1085321  RuntimeError: yt-dlp exited 1
https://www.radioradicale.it/scheda/520587/atreju-2017-difendere-i-confini-dellidentita-e-londata-migratoria?i=3756748  ValueError: No timestamps
https://www.radioradicale.it/scheda/335003/atreju-2011-il-presidente-del-consiglio-silvio-berlusconi-a-confronto-con-la-giovane?i=500646  ValueError: No timestamps
https://www.radioradicale.it/scheda/207064/confronto-tra-il-presidente-della-camera-dei-deputati-fausto-bertinotti-e-il?i=1262532  ValueError: No timestamps
https://www.radioradicale.it/scheda/147445/piu-donne-nelle-istituzioni-la-proposta-di-alleanza-nazionale-organizzato-da-alleanza?i=1481439  ValueError: No timestamps
https://www.radioradicale.it/scheda/598226/il-caso-della-nave-gregoretti-dichiarazioni-di-giorgia-meloni-dopo-lintervento-di?i=4095452  ValueError: No timestamps
https://www.radioradicale.it/scheda/536904/lelezione-dei-presidenti-della-camera-dei-deputati-e-del-senato-della-repubblica?i=3824344  ValueError: No timestamps
https://www.radioradicale.it/scheda/513164/intervista-a-giorgia-meloni-sui-risultati-delle-amministrative-e-sulle-dichiarazioni?i=3729539  ValueError: No timestamps
https://www.radioradicale.it/scheda/590932/conferenza-stampa-di-fratelli-ditalia-di-presentazione-degli-emendamenti-alla-legge-di?i=4125440  ValueError: No timestamps
https://www.radioradicale.it/scheda/782769/taglio-dei-fondi-per-il-servizio-di-radio-radicale-dichiarazione-di-giuseppe-conte?i=5020345  ValueError: No timestamps
https://www.radioradicale.it/scheda/722633/intervista-a-giuseppe-conte-sulla-posizione-del-m5s-sulle-missioni-internazionali?i=4725935  ValueError: No timestamps
https://www.radioradicale.it/scheda/562042/legge-di-bilancio-dichiarazioni-del-presidente-del-consiglio-giuseppe-conte-dopo-il?i=3934489  ValueError: No timestamps
https://www.radioradicale.it/scheda/542640/dichiarazioni-del-presidente-incaricato-giuseppe-conte-sul-suo-incontro-col?i=3844488  ValueError: No timestamps
https://www.radioradicale.it/scheda/565810/presentazione-del-libro-di-matteo-renzi-unaltra-strada-per-litalia-idee-per-litalia-di?i=3951747  ValueError: No timestamps
https://www.radioradicale.it/scheda/516750/capalbio-libri-2017-presentazione-del-libro-avanti-perche-litalia-non-si-ferma-di?i=3744932  ValueError: No timestamps
https://www.radioradicale.it/scheda/515116/matteo-renzi-presenta-il-suo-libro-avanti-perche-litalia-non-si-ferma-edizioni?i=3738576  ValueError: No timestamps
https://www.radioradicale.it/scheda/491166/e-adesso-il-futuro-leopolda-7-3a-ed-ultima-giornata?i=3630608  ValueError: No timestamps
https://www.radioradicale.it/scheda/488106/classedem-la-lezione-di-matteo-renzi-presidente-del-consiglio-dei-ministri?i=3614103  ValueError: No timestamps
https://www.radioradicale.it/scheda/483403/festival-la-versiliana-incontro-con-il-presidente-del-consiglio-matteo-renzi?i=3597007  ValueError: No timestamps
https://www.radioradicale.it/scheda/479987/direzione-nazionale-del-partito-democratico?i=3587588  ValueError: No timestamps
https://www.radioradicale.it/scheda/471202/classe-democratica-lezioni-di-andrea-orlando-e-massimo-bray-focus-sulla-comunicazione?i=3882820  ValueError: No timestamps
https://www.radioradicale.it/scheda/469366/scuola-di-formazione-politica-del-pd?i=3881227  ValueError: No timestamps
https://www.radioradicale.it/scheda/467025/assemblea-nazionale-del-partito-democratico?i=3521734  ValueError: No timestamps
https://www.radioradicale.it/scheda/461202/leopolda-6-terra-degli-uomini-terza-e-conclusiva-giornata?i=3495839  ValueError: No timestamps
https://www.radioradicale.it/scheda/461200/leopolda-6-terra-degli-uomini-prima-giornata?i=3496212  ValueError: No timestamps
https://www.radioradicale.it/scheda/453626/direzione-nazionale-del-partito-democratico?i=3457865  ValueError: No timestamps
https://www.radioradicale.it/scheda/448211/assemblea-nazionale-del-partito-democratico?i=3441078  ValueError: No timestamps
https://www.radioradicale.it/scheda/437548/direzione-nazionale-del-partito-democratico?i=3402215  ValueError: No timestamps
https://www.radioradicale.it/scheda/434274/la-scuola-che-cambia-cambia-litalia?i=2936961  ValueError: No timestamps
https://www.radioradicale.it/scheda/431013/direzione-nazionale-del-partito-democratico?i=2920166  ValueError: No timestamps
https://www.radioradicale.it/scheda/424588/leopolda-5-il-futuro-e-solo-linizio-seconda-giornata?i=2894882  ValueError: No timestamps
https://www.radioradicale.it/scheda/359180/festa-democratica-comunale-di-pontelagoscuro-incontro-con-dario-franceschini-e-matteo?i=404073  ValueError: No timestamps
https://www.radioradicale.it/scheda/245660/convegno-dal-titolo-perche-dobbiamo-ricordare-in-onore-di-alberto-nirenstajn-saggista?i=1068594  ValueError: No timestamps
https://www.radioradicale.it/scheda/238174/le-province-una-risorsa-per-il-paese-assemblea-generale-delle-province-ditalia-prima?i=1104265  ValueError: No timestamps
https://www.radioradicale.it/scheda/236975/dibattito-dal-titolo-90-minuti-senza-supplementari-contro-lantipolitica?i=1110456  ValueError: No timestamps
https://www.radioradicale.it/scheda/215058/2007-lanno-che-verra-francesco-rutelli-intervistato-da-giovanni-floris?i=1221123  ValueError: No timestamps
https://www.radioradicale.it/scheda/680563/elezione-del-presidente-del-senato-dichiarazioni-di-matteo-renzi?i=4492829  ValueError: No timestamps
https://www.radioradicale.it/scheda/516952/festa-de-lunita-di-livorno-matteo-renzi-presenta-avanti-perche-litalia-non-si-ferma?i=3745126  ValueError: No timestamps
https://www.radioradicale.it/scheda/516757/festa-regionale-del-partito-democratico-dellemilia-romagna-di-villalunga-matteo-renzi?i=3744725  ValueError: No timestamps
https://www.radioradicale.it/scheda/516817/festa-de-lunita-castelfiorentino-incontro-con-matteo-renzi?i=3747598  ValueError: No timestamps
https://www.radioradicale.it/scheda/471952/classe-democratica-scuola-di-formazione-politica-del-pd?i=3869850  ValueError: No timestamps
https://www.radioradicale.it/scheda/397071/primarie-del-pd-incontro-con-matteo-renzi?i=270061  ValueError: No timestamps
https://www.radioradicale.it/scheda/366234/per-la-verita-per-israele?i=382236  FileNotFoundError: [Errno 2] No such file or directory: '/home/mhetac/Documents/GitHub/crossdem/datasets/renzi/audio_out/_out_366234_renzi.mp3' -> '/home/mhetac/Documents/GitHub/crossdem/datasets/renzi/audio_out/366234_renzi.mp3'
https://www.radioradicale.it/scheda/360337/primarie-2012-matteo-renzi-adesso-verona?i=402073  ValueError: No timestamps
https://www.radioradicale.it/scheda/359411/matteo-renzi-a-latronico?i=404413  ValueError: No timestamps
https://www.radioradicale.it/scheda/338606/big-bang-seconda-convention-dei-rottamatori-di-matteo-renzi-3a-ed-ultima-giornata?i=487774  FileNotFoundError: [Errno 2] No such file or directory: '/home/mhetac/Documents/GitHub/crossdem/datasets/renzi/audio_out/_out_338606_renzi.mp3' -> '/home/mhetac/Documents/GitHub/crossdem/datasets/renzi/audio_out/338606_renzi.mp3'
https://www.radioradicale.it/scheda/338605/big-bang-seconda-convention-dei-rottamatori-di-matteo-renzi-2a-giornata?i=487991  ValueError: No timestamps
https://www.radioradicale.it/scheda/338604/big-bang-seconda-convention-dei-rottamatori-di-matteo-renzi-1a-giornata?i=488321  ValueError: No timestamps
https://www.radioradicale.it/scheda/112797/i-fondi-pensione-in-italia-illusione-o-realta-org-dallassociazione-borsisti-marco?i=1835579  ValueError: No timestamps
https://www.radioradicale.it/scheda/109051/il-futuro-delle-relazioni-internazionali-convegno-internazionale-organizzato-dalla?i=1875404  ValueError: No timestamps
https://www.radioradicale.it/scheda/94701/verso-la-moneta-unica-europea-org-in-occasione-della-pubblicazione-del-secondo-rapporto?i=2067362  ValueError: No timestamps
https://www.radioradicale.it/scheda/329983/dichiarazioni-di-mario-draghi-al-termine-del-suo-intervento-al-parlamento-europeo?i=515929  ValueError: No timestamps
https://www.radioradicale.it/scheda/241861/cerimonia-di-inaugurazione-del-nuovo-anno-accademico-delluniversita-luiss-guido-carli?i=1085321  RuntimeError: yt-dlp exited 1
https://www.radioradicale.it/scheda/520587/atreju-2017-difendere-i-confini-dellidentita-e-londata-migratoria?i=3756748  ValueError: No timestamps
https://www.radioradicale.it/scheda/335003/atreju-2011-il-presidente-del-consiglio-silvio-berlusconi-a-confronto-con-la-giovane?i=500646  ValueError: No timestamps
https://www.radioradicale.it/scheda/207064/confronto-tra-il-presidente-della-camera-dei-deputati-fausto-bertinotti-e-il?i=1262532  ValueError: No timestamps
https://www.radioradicale.it/scheda/147445/piu-donne-nelle-istituzioni-la-proposta-di-alleanza-nazionale-organizzato-da-alleanza?i=1481439  ValueError: No timestamps
https://www.radioradicale.it/scheda/598226/il-caso-della-nave-gregoretti-dichiarazioni-di-giorgia-meloni-dopo-lintervento-di?i=4095452  ValueError: No timestamps
https://www.radioradicale.it/scheda/536904/lelezione-dei-presidenti-della-camera-dei-deputati-e-del-senato-della-repubblica?i=3824344  ValueError: No timestamps
https://www.radioradicale.it/scheda/513164/intervista-a-giorgia-meloni-sui-risultati-delle-amministrative-e-sulle-dichiarazioni?i=3729539  ValueError: No timestamps
https://www.radioradicale.it/scheda/590932/conferenza-stampa-di-fratelli-ditalia-di-presentazione-degli-emendamenti-alla-legge-di?i=4125440  ValueError: No timestamps
https://www.radioradicale.it/scheda/782769/taglio-dei-fondi-per-il-servizio-di-radio-radicale-dichiarazione-di-giuseppe-conte?i=5020345  ValueError: No timestamps
https://www.radioradicale.it/scheda/722633/intervista-a-giuseppe-conte-sulla-posizione-del-m5s-sulle-missioni-internazionali?i=4725935  ValueError: No timestamps
https://www.radioradicale.it/scheda/562042/legge-di-bilancio-dichiarazioni-del-presidente-del-consiglio-giuseppe-conte-dopo-il?i=3934489  ValueError: No timestamps
https://www.radioradicale.it/scheda/542640/dichiarazioni-del-presidente-incaricato-giuseppe-conte-sul-suo-incontro-col?i=3844488  ValueError: No timestamps
https://www.radioradicale.it/scheda/565810/presentazione-del-libro-di-matteo-renzi-unaltra-strada-per-litalia-idee-per-litalia-di?i=3951747  ValueError: No timestamps
https://www.radioradicale.it/scheda/516750/capalbio-libri-2017-presentazione-del-libro-avanti-perche-litalia-non-si-ferma-di?i=3744932  ValueError: No timestamps
https://www.radioradicale.it/scheda/515116/matteo-renzi-presenta-il-suo-libro-avanti-perche-litalia-non-si-ferma-edizioni?i=3738576  ValueError: No timestamps
https://www.radioradicale.it/scheda/491166/e-adesso-il-futuro-leopolda-7-3a-ed-ultima-giornata?i=3630608  ValueError: No timestamps
https://www.radioradicale.it/scheda/488106/classedem-la-lezione-di-matteo-renzi-presidente-del-consiglio-dei-ministri?i=3614103  ValueError: No timestamps
https://www.radioradicale.it/scheda/483403/festival-la-versiliana-incontro-con-il-presidente-del-consiglio-matteo-renzi?i=3597007  ValueError: No timestamps
https://www.radioradicale.it/scheda/479987/direzione-nazionale-del-partito-democratico?i=3587588  ValueError: No timestamps
https://www.radioradicale.it/scheda/471202/classe-democratica-lezioni-di-andrea-orlando-e-massimo-bray-focus-sulla-comunicazione?i=3882820  ValueError: No timestamps
https://www.radioradicale.it/scheda/469366/scuola-di-formazione-politica-del-pd?i=3881227  ValueError: No timestamps
https://www.radioradicale.it/scheda/467025/assemblea-nazionale-del-partito-democratico?i=3521734  ValueError: No timestamps
https://www.radioradicale.it/scheda/461202/leopolda-6-terra-degli-uomini-terza-e-conclusiva-giornata?i=3495839  ValueError: No timestamps
https://www.radioradicale.it/scheda/461200/leopolda-6-terra-degli-uomini-prima-giornata?i=3496212  ValueError: No timestamps
https://www.radioradicale.it/scheda/453626/direzione-nazionale-del-partito-democratico?i=3457865  ValueError: No timestamps
https://www.radioradicale.it/scheda/448211/assemblea-nazionale-del-partito-democratico?i=3441078  ValueError: No timestamps
https://www.radioradicale.it/scheda/437548/direzione-nazionale-del-partito-democratico?i=3402215  ValueError: No timestamps
https://www.radioradicale.it/scheda/434274/la-scuola-che-cambia-cambia-litalia?i=2936961  ValueError: No timestamps
https://www.radioradicale.it/scheda/431013/direzione-nazionale-del-partito-democratico?i=2920166  ValueError: No timestamps
https://www.radioradicale.it/scheda/424588/leopolda-5-il-futuro-e-solo-linizio-seconda-giornata?i=2894882  ValueError: No timestamps
https://www.radioradicale.it/scheda/359180/festa-democratica-comunale-di-pontelagoscuro-incontro-con-dario-franceschini-e-matteo?i=404073  ValueError: No timestamps
https://www.radioradicale.it/scheda/245660/convegno-dal-titolo-perche-dobbiamo-ricordare-in-onore-di-alberto-nirenstajn-saggista?i=1068594  ValueError: No timestamps
https://www.radioradicale.it/scheda/238174/le-province-una-risorsa-per-il-paese-assemblea-generale-delle-province-ditalia-prima?i=1104265  ValueError: No timestamps
https://www.radioradicale.it/scheda/236975/dibattito-dal-titolo-90-minuti-senza-supplementari-contro-lantipolitica?i=1110456  ValueError: No timestamps
https://www.radioradicale.it/scheda/215058/2007-lanno-che-verra-francesco-rutelli-intervistato-da-giovanni-floris?i=1221123  ValueError: No timestamps
https://www.radioradicale.it/scheda/680563/elezione-del-presidente-del-senato-dichiarazioni-di-matteo-renzi?i=4492829  ValueError: No timestamps
https://www.radioradicale.it/scheda/516952/festa-de-lunita-di-livorno-matteo-renzi-presenta-avanti-perche-litalia-non-si-ferma?i=3745126  ValueError: No timestamps
https://www.radioradicale.it/scheda/516757/festa-regionale-del-partito-democratico-dellemilia-romagna-di-villalunga-matteo-renzi?i=3744725  ValueError: No timestamps
https://www.radioradicale.it/scheda/516817/festa-de-lunita-castelfiorentino-incontro-con-matteo-renzi?i=3747598  ValueError: No timestamps
https://www.radioradicale.it/scheda/471952/classe-democratica-scuola-di-formazione-politica-del-pd?i=3869850  ValueError: No timestamps
https://www.radioradicale.it/scheda/397071/primarie-del-pd-incontro-con-matteo-renzi?i=270061  ValueError: No timestamps
https://www.radioradicale.it/scheda/360337/primarie-2012-matteo-renzi-adesso-verona?i=402073  ValueError: No timestamps
https://www.radioradicale.it/scheda/359411/matteo-renzi-a-latronico?i=404413  ValueError: No timestamps
https://www.radioradicale.it/scheda/338605/big-bang-seconda-convention-dei-rottamatori-di-matteo-renzi-2a-giornata?i=487991  ValueError: No timestamps
https://www.radioradicale.it/scheda/338604/big-bang-seconda-convention-dei-rottamatori-di-matteo-renzi-1a-giornata?i=488321  ValueError: No timestamps
https://www.radioradicale.it/scheda/738816/processo-per-la-morte-di-giulio-regeni?i=4804343  ValueError: No timestamps
https://www.radioradicale.it/scheda/684898/processo-per-gli-appalti-consip?i=4515706  RuntimeError: yt-dlp exited 1
https://www.radioradicale.it/scheda/337200/processo-ligresti-ed-altri-trasformazione-urbanistica-dellarea-di-castello-a-firenze?i=494422  ValueError: No timestamps
https://www.radioradicale.it/scheda/461452/leopolda-2015-intervento-conclusivo-di-matteo-renzi?i=3495432  ValueError: No timestamps
https://www.radioradicale.it/scheda/753561/piu-che-un-mercato-per-leuropa-come-e-perche-potenziare-il-mercato-unico-per-garantire?i=4878869  FileNotFoundError: [Errno 2] No such file or directory: '/home/mhetac/Documents/GitHub/crossdem/datasets/letta/audio_out/_out_753561_letta.mp3' -> '/home/mhetac/Documents/GitHub/crossdem/datasets/letta/audio_out/753561_letta.mp3'
https://www.radioradicale.it/scheda/679838/direzione-nazionale-del-partito-democratico?i=4490114  ValueError: No timestamps
https://www.radioradicale.it/scheda/510787/festival-delleconomia-di-trento-contro-venti-e-maree-idee-sulleuropa-e-sullitalia?i=3719169  ValueError: No timestamps
https://www.radioradicale.it/scheda/461782/visti-da-fuori-politica-e-societa-in-italia-come-ci-guardano?i=3499986  ValueError: No timestamps
https://www.radioradicale.it/scheda/442678/una-storia-presidenziale-2006-2015?i=3790633  FileNotFoundError: [Errno 2] No such file or directory: '/home/mhetac/Documents/GitHub/crossdem/datasets/letta/audio_out/_out_442678_letta.mp3' -> '/home/mhetac/Documents/GitHub/crossdem/datasets/letta/audio_out/442678_letta.mp3'
https://www.radioradicale.it/scheda/441815/i-dolori-della-giovane-europa-casa-o-condominio?i=3417375  FileNotFoundError: [Errno 2] No such file or directory: '/home/mhetac/Documents/GitHub/crossdem/datasets/letta/audio_out/_out_441815_letta.mp3' -> '/home/mhetac/Documents/GitHub/crossdem/datasets/letta/audio_out/441815_letta.mp3'
https://www.radioradicale.it/scheda/431817/lectio-magistralis-di-enrico-letta-su-il-ruolo-dellitalia-e-la-sua-capacita-attrattiva?i=2923701  ValueError: No timestamps
https://www.radioradicale.it/scheda/402872/direzione-nazionale-del-partito-democratico-sulle-riforme-del-senato-e-del-titolo-v?i=257640  FileNotFoundError: [Errno 2] No such file or directory: '/home/mhetac/Documents/GitHub/crossdem/datasets/letta/audio_out/_out_402872_letta.mp3' -> '/home/mhetac/Documents/GitHub/crossdem/datasets/letta/audio_out/402872_letta.mp3'
https://www.radioradicale.it/scheda/398424/13deg-foro-di-dialogo-italia-spagna-prima-giornata?i=274651  FileNotFoundError: [Errno 2] No such file or directory: '/home/mhetac/Documents/GitHub/crossdem/datasets/letta/audio_out/_out_398424_letta.mp3' -> '/home/mhetac/Documents/GitHub/crossdem/datasets/letta/audio_out/398424_letta.mp3'
https://www.radioradicale.it/scheda/360376/xi-edizione-del-meeting-della-confesercenti-2a-ed-ultima-giornata?i=401295  FileNotFoundError: [Errno 2] No such file or directory: '/home/mhetac/Documents/GitHub/crossdem/datasets/letta/audio_out/_out_360376_letta.mp3' -> '/home/mhetac/Documents/GitHub/crossdem/datasets/letta/audio_out/360376_letta.mp3'
https://www.radioradicale.it/scheda/348739/riprendiamocila-nostra-impresa-assemblea-nazionale-giovani-imprenditori?i=443234  FileNotFoundError: [Errno 2] No such file or directory: '/home/mhetac/Documents/GitHub/crossdem/datasets/letta/audio_out/_out_348739_letta.mp3' -> '/home/mhetac/Documents/GitHub/crossdem/datasets/letta/audio_out/348739_letta.mp3'
https://www.radioradicale.it/scheda/337313/il-controesodo-dei-cervelli?i=493888  FileNotFoundError: [Errno 2] No such file or directory: '/home/mhetac/Documents/GitHub/crossdem/datasets/letta/audio_out/_out_337313_letta.mp3' -> '/home/mhetac/Documents/GitHub/crossdem/datasets/letta/audio_out/337313_letta.mp3'
https://www.radioradicale.it/scheda/323981/ce-chi-dice-nord-federalismo-e-responsabilita?i=548047  FileNotFoundError: [Errno 2] No such file or directory: '/home/mhetac/Documents/GitHub/crossdem/datasets/letta/audio_out/_out_323981_letta.mp3' -> '/home/mhetac/Documents/GitHub/crossdem/datasets/letta/audio_out/323981_letta.mp3'
https://www.radioradicale.it/scheda/323984/la-politica-dopo-relazione-di-marc-lazar?i=548009  FileNotFoundError: [Errno 2] No such file or directory: '/home/mhetac/Documents/GitHub/crossdem/datasets/letta/audio_out/_out_323984_letta.mp3' -> '/home/mhetac/Documents/GitHub/crossdem/datasets/letta/audio_out/323984_letta.mp3'
https://www.radioradicale.it/scheda/311614/sudcamp-2010-intervista-a-pier-ferdinando-casini?i=586690  FileNotFoundError: [Errno 2] No such file or directory: '/home/mhetac/Documents/GitHub/crossdem/datasets/letta/audio_out/_out_311614_letta.mp3' -> '/home/mhetac/Documents/GitHub/crossdem/datasets/letta/audio_out/311614_letta.mp3'
https://www.radioradicale.it/scheda/310771/meeting-confesercenti-2010-sugli-scenari-internazionali-economici-e-politici-prima?i=589532  FileNotFoundError: [Errno 2] No such file or directory: '/home/mhetac/Documents/GitHub/crossdem/datasets/letta/audio_out/_out_310771_letta.mp3' -> '/home/mhetac/Documents/GitHub/crossdem/datasets/letta/audio_out/310771_letta.mp3'
https://www.radioradicale.it/scheda/295282/dalle-riforme-alle-riforme-il-futuro-della-storia?i=637706  FileNotFoundError: [Errno 2] No such file or directory: '/home/mhetac/Documents/GitHub/crossdem/datasets/letta/audio_out/_out_295282_letta.mp3' -> '/home/mhetac/Documents/GitHub/crossdem/datasets/letta/audio_out/295282_letta.mp3'
https://www.radioradicale.it/scheda/273714/un-welfare-per-crescere?i=708121  ValueError: No timestamps
